<?xml version="1.0" encoding="UTF-8"?>
<testng-results ignored="0" total="0" passed="0" failed="0" skipped="0">
  <reporter-output>
  </reporter-output>
  <suite started-at="2023-08-22T09:56:18Z" name="Surefire suite" finished-at="2023-08-22T09:57:14Z" duration-ms="56707">
    <groups>
    </groups>
    <test started-at="2023-08-22T09:56:18Z" name="Surefire test" finished-at="2023-08-22T09:57:14Z" duration-ms="56707">
    </test> <!-- Surefire test -->
  </suite> <!-- Surefire suite -->
</testng-results>
