<?xml version="1.0" encoding="UTF-8" standalone="no"?>
<testsuite errors="0" failures="0" name="io.cucumber.core.plugin.JUnitFormatter" skipped="0" tests="2" time="73.246">
    <testcase classname="Login into Salesforce" name="Login in to  Salesforce with valid credential" time="26.44">
        <system-out><![CDATA[Given the user navigates to the URL.........................................passed
And the user enters valid credential........................................passed
And clicks Login button.....................................................passed
]]></system-out>
    </testcase>
    <testcase classname="Creating New Contract records" name="Creating New Contract record in Salesforce" time="46.535">
        <system-out><![CDATA[Given User navigates to Contract object.....................................passed
And clicks on new button....................................................passed
And enters valid date.......................................................passed
And Verifies the New record created.........................................passed
]]></system-out>
    </testcase>
</testsuite>
